2022-1-5 05:18:51 WARN: upload a.txt, Mode: netascii, Details: 10th data upload timeout!
2022-1-5 05:18:57 WARN: upload a.txt, Mode: netascii, Details: 19th data upload timeout!
2022-1-5 05:19:04 WARN: upload a.txt, Mode: netascii, Details: 24th data upload timeout!
2022-1-5 05:19:18 WARN: upload a.txt, Mode: netascii, Details: 45th data upload timeout!
2022-1-5 05:19:21 WARN: upload a.txt, Mode: netascii, Details: 45th data upload timeout!
2022-1-5 05:19:30 WARN: upload a.txt, Mode: netascii, Details: 58th data upload timeout!
2022-1-5 05:19:33 WARN: upload a.txt, Mode: netascii, Details: 59th data upload timeout!
2022-1-5 05:19:39 WARN: upload a.txt, Mode: netascii, Details: 66th data upload timeout!
2022-1-5 05:19:49 WARN: upload a.txt, Mode: netascii, Details: 86th data upload timeout!
2022-1-5 05:19:52 WARN: upload a.txt, Mode: netascii, Details: 88th data upload timeout!
2022-1-5 05:20:01 WARN: upload a.txt, Mode: netascii, Details: 106th data upload timeout!
2022-1-5 05:20:06 WARN: upload a.txt, Mode: netascii, Details: 113th data upload timeout!
2022-1-5 05:20:10 WARN: upload a.txt, Mode: netascii, Details: 114th data upload timeout!
2022-1-5 05:20:19 WARN: upload a.txt, Mode: netascii, Details: 127th data upload timeout!
2022-1-5 05:20:24 WARN: upload a.txt, Mode: netascii, Details: 130th data upload timeout!
2022-1-5 05:20:31 WARN: upload a.txt, Mode: netascii, Details: 139th data upload timeout!
2022-1-5 05:20:36 WARN: upload a.txt, Mode: netascii, Details: 141th data upload timeout!
2022-1-5 05:20:39 WARN: upload a.txt, Mode: netascii, Details: 141th data upload timeout!
2022-1-5 05:20:44 WARN: upload a.txt, Mode: netascii, Details: 145th data upload timeout!
2022-1-5 05:20:52 WARN: upload a.txt, Mode: netascii, Details: 156th data upload timeout!
2022-1-5 05:20:56 WARN: upload a.txt, Mode: netascii, Details: 159th data upload timeout!
2022-1-5 05:20:56 INFO: upload a.txt, Mode: netascii, Size: 79.98 KB, Time: 132.21 s, Loss rate: 11.60%
2022-1-5 05:57:27 WARN: upload back.png, Mode: octet, Details: Connect timeout!
2022-1-5 05:57:30 WARN: upload back.png, Mode: octet, Details: Connect timeout!
2022-1-5 05:57:33 WARN: upload back.png, Mode: octet, Details: Connect timeout!
2022-1-5 05:57:36 WARN: upload back.png, Mode: octet, Details: Connect timeout!
2022-1-5 05:57:39 WARN: upload back.png, Mode: octet, Details: Connect timeout!
2022-1-5 05:57:39 ERROR: upload back.png, Mode: octet, Details: Connect failure!
2022-1-5 05:58:19 WARN: upload back.png, Mode: octet, Details: Connect timeout!
2022-1-5 05:58:22 WARN: upload back.png, Mode: octet, Details: Connect timeout!
2022-1-5 05:58:26 WARN: upload back.png, Mode: octet, Details: Connect timeout!
2022-1-5 05:58:29 WARN: upload back.png, Mode: octet, Details: Connect timeout!
2022-1-5 05:58:32 WARN: upload back.png, Mode: octet, Details: Connect timeout!
2022-1-5 05:58:32 ERROR: upload back.png, Mode: octet, Details: Connect failure!
2022-1-5 05:59:01 WARN: upload back.png, Mode: octet, Details: Connect timeout!
2022-1-5 05:59:04 WARN: upload back.png, Mode: octet, Details: Connect timeout!
2022-1-5 05:59:07 WARN: upload back.png, Mode: octet, Details: Connect timeout!
2022-1-5 05:59:10 WARN: upload back.png, Mode: octet, Details: Connect timeout!
2022-1-5 05:59:13 WARN: upload back.png, Mode: octet, Details: Connect timeout!
2022-1-5 05:59:13 ERROR: upload back.png, Mode: octet, Details: Connect failure!
2022-1-5 05:59:36 INFO: upload back.png, Mode: octet, Size: 3.23 KB, Time: 0.02 s, Loss rate: 0.00%
2022-1-5 06:03:50 INFO: download 111.txt to E:/111.txt, Mode: netascii, Size: 0.05 KB, Time: 0.11 s, Loss rate: 0.00%
2022-1-5 06:05:48 INFO: download 111.txt to E:/111.txt, Mode: netascii, Size: 2.56 KB, Time: 0.63 s, Loss rate: 0.00%
2022-1-5 06:06:19 INFO: download 111.txt to E:/111.txt, Mode: netascii, Size: 1.92 KB, Time: 0.42 s, Loss rate: 0.00%
2022-1-5 06:06:32 INFO: download 111.txt to E:/111.txt, Mode: netascii, Size: 1.61 KB, Time: 0.42 s, Loss rate: 0.00%
2022-1-5 06:06:48 INFO: download 111.txt to E:/111.txt, Mode: netascii, Size: 1.45 KB, Time: 0.32 s, Loss rate: 0.00%
2022-1-5 06:15:09 WARN: download 1.jpg to E:/1.jpg, Mode: octet, Details: 10th data download timeout!
2022-1-5 06:15:16 WARN: download 1.jpg to E:/1.jpg, Mode: octet, Details: 21th data download timeout!
2022-1-5 06:15:21 WARN: download 1.jpg to E:/1.jpg, Mode: octet, Details: 29th data download timeout!
2022-1-5 06:15:25 WARN: download 1.jpg to E:/1.jpg, Mode: octet, Details: 31th data download timeout!
2022-1-5 06:15:28 WARN: download 1.jpg to E:/1.jpg, Mode: octet, Details: 33th data download timeout!
2022-1-5 06:15:32 WARN: download 1.jpg to E:/1.jpg, Mode: octet, Details: 36th data download timeout!
2022-1-5 06:15:39 WARN: download 1.jpg to E:/1.jpg, Mode: octet, Details: 48th data download timeout!
2022-1-5 06:15:46 WARN: download 1.jpg to E:/1.jpg, Mode: octet, Details: 64th data download timeout!
2022-1-5 06:15:53 WARN: download 1.jpg to E:/1.jpg, Mode: octet, Details: 72th data download timeout!
2022-1-5 06:15:56 WARN: download 1.jpg to E:/1.jpg, Mode: octet, Details: 72th data download timeout!
2022-1-5 06:16:00 WARN: download 1.jpg to E:/1.jpg, Mode: octet, Details: 74th data download timeout!
2022-1-5 06:16:05 WARN: download 1.jpg to E:/1.jpg, Mode: octet, Details: 77th data download timeout!
2022-1-5 06:16:09 WARN: download 1.jpg to E:/1.jpg, Mode: octet, Details: 80th data download timeout!
2022-1-5 06:16:15 WARN: download 1.jpg to E:/1.jpg, Mode: octet, Details: 90th data download timeout!
2022-1-5 06:16:18 WARN: download 1.jpg to E:/1.jpg, Mode: octet, Details: 90th data download timeout!
2022-1-5 06:16:25 WARN: download 1.jpg to E:/1.jpg, Mode: octet, Details: 101th data download timeout!
2022-1-5 06:16:29 WARN: download 1.jpg to E:/1.jpg, Mode: octet, Details: 102th data download timeout!
2022-1-5 06:16:34 WARN: download 1.jpg to E:/1.jpg, Mode: octet, Details: 106th data download timeout!
2022-1-5 06:16:37 WARN: download 1.jpg to E:/1.jpg, Mode: octet, Details: 107th data download timeout!
2022-1-5 06:16:40 WARN: download 1.jpg to E:/1.jpg, Mode: octet, Details: 107th data download timeout!
2022-1-5 06:16:46 WARN: download 1.jpg to E:/1.jpg, Mode: octet, Details: 115th data download timeout!
2022-1-5 06:16:52 WARN: download 1.jpg to E:/1.jpg, Mode: octet, Details: 124th data download timeout!
2022-1-5 06:16:57 WARN: download 1.jpg to E:/1.jpg, Mode: octet, Details: 128th data download timeout!
2022-1-5 06:17:09 WARN: download 1.jpg to E:/1.jpg, Mode: octet, Details: 152th data download timeout!
2022-1-5 06:17:15 WARN: download 1.jpg to E:/1.jpg, Mode: octet, Details: 164th data download timeout!
2022-1-5 06:17:19 WARN: download 1.jpg to E:/1.jpg, Mode: octet, Details: 166th data download timeout!
2022-1-5 06:17:22 WARN: download 1.jpg to E:/1.jpg, Mode: octet, Details: 166th data download timeout!
2022-1-5 06:17:26 WARN: download 1.jpg to E:/1.jpg, Mode: octet, Details: 169th data download timeout!
2022-1-5 06:17:35 WARN: download 1.jpg to E:/1.jpg, Mode: octet, Details: 190th data download timeout!
2022-1-5 06:17:39 WARN: download 1.jpg to E:/1.jpg, Mode: octet, Details: 191th data download timeout!
2022-1-5 06:17:47 WARN: download 1.jpg to E:/1.jpg, Mode: octet, Details: 207th data download timeout!
2022-1-5 06:17:51 WARN: download 1.jpg to E:/1.jpg, Mode: octet, Details: 207th data download timeout!
2022-1-5 06:17:55 WARN: download 1.jpg to E:/1.jpg, Mode: octet, Details: 211th data download timeout!
2022-1-5 06:17:58 WARN: download 1.jpg to E:/1.jpg, Mode: octet, Details: 211th data download timeout!
2022-1-5 06:18:03 WARN: download 1.jpg to E:/1.jpg, Mode: octet, Details: 214th data download timeout!
2022-1-5 06:18:09 WARN: download 1.jpg to E:/1.jpg, Mode: octet, Details: 222th data download timeout!
2022-1-5 06:18:16 WARN: download 1.jpg to E:/1.jpg, Mode: octet, Details: 224th data download timeout!
2022-1-5 06:18:22 WARN: download 1.jpg to E:/1.jpg, Mode: octet, Details: 235th data download timeout!
2022-1-5 06:18:25 WARN: download 1.jpg to E:/1.jpg, Mode: octet, Details: 235th data download timeout!
2022-1-5 06:18:41 WARN: download 1.jpg to E:/1.jpg, Mode: octet, Details: 265th data download timeout!
2022-1-5 06:18:45 WARN: download 1.jpg to E:/1.jpg, Mode: octet, Details: 269th data download timeout!
2022-1-5 06:18:48 WARN: download 1.jpg to E:/1.jpg, Mode: octet, Details: 269th data download timeout!
2022-1-5 06:18:52 WARN: download 1.jpg to E:/1.jpg, Mode: octet, Details: 274th data download timeout!
2022-1-5 06:18:56 WARN: download 1.jpg to E:/1.jpg, Mode: octet, Details: 276th data download timeout!
2022-1-5 06:19:01 WARN: download 1.jpg to E:/1.jpg, Mode: octet, Details: 282th data download timeout!
2022-1-5 06:19:05 WARN: download 1.jpg to E:/1.jpg, Mode: octet, Details: 284th data download timeout!
2022-1-5 06:19:09 WARN: download 1.jpg to E:/1.jpg, Mode: octet, Details: 286th data download timeout!
2022-1-5 06:19:13 WARN: download 1.jpg to E:/1.jpg, Mode: octet, Details: 287th data download timeout!
2022-1-5 06:19:18 WARN: download 1.jpg to E:/1.jpg, Mode: octet, Details: 293th data download timeout!
2022-1-5 06:19:22 WARN: download 1.jpg to E:/1.jpg, Mode: octet, Details: 293th data download timeout!
2022-1-5 06:19:25 WARN: download 1.jpg to E:/1.jpg, Mode: octet, Details: 294th data download timeout!
2022-1-5 06:19:33 WARN: download 1.jpg to E:/1.jpg, Mode: octet, Details: 306th data download timeout!
2022-1-5 06:19:38 WARN: download 1.jpg to E:/1.jpg, Mode: octet, Details: 312th data download timeout!
2022-1-5 06:19:44 WARN: download 1.jpg to E:/1.jpg, Mode: octet, Details: 319th data download timeout!
2022-1-5 06:19:50 WARN: download 1.jpg to E:/1.jpg, Mode: octet, Details: 328th data download timeout!
2022-1-5 06:19:57 WARN: download 1.jpg to E:/1.jpg, Mode: octet, Details: 332th data download timeout!
2022-1-5 06:20:00 WARN: download 1.jpg to E:/1.jpg, Mode: octet, Details: 332th data download timeout!
2022-1-5 06:20:06 WARN: download 1.jpg to E:/1.jpg, Mode: octet, Details: 337th data download timeout!
2022-1-5 06:20:10 WARN: download 1.jpg to E:/1.jpg, Mode: octet, Details: 341th data download timeout!
2022-1-5 06:20:14 INFO: download 1.jpg to E:/1.jpg, Mode: octet, Size: 171.70 KB, Time: 311.49 s, Loss rate: 14.64%
